The target system is: Android - 17 - i686
The host system is: Linux - 4.2.0-27-generic - x86_64
Determining if the C compiler works passed with the following output:
Change Dir: /home/hari/Desktop/working/CMake/Teapot/externalNativeBuild/cmake/debug/x86/CMakeFiles/CMakeTmp

Run Build Command:"/home/hari/Android/Sdk/cmake/3.6/bin/ninja" "cmTC_928db"
[1/2] Building C object CMakeFiles/cmTC_928db.dir/testCCompiler.c.o
[2/2] Linking C executable cmTC_928db
clang: warning: argument unused during compilation: '-Wa,--noexecstack'


Detecting C compiler ABI info compiled with the following output:
Change Dir: /home/hari/Desktop/working/CMake/Teapot/externalNativeBuild/cmake/debug/x86/CMakeFiles/CMakeTmp

Run Build Command:"/home/hari/Android/Sdk/cmake/3.6/bin/ninja" "cmTC_3af53"
[1/2] Building C object CMakeFiles/cmTC_3af53.dir/CMakeCCompilerABI.c.o
[2/2] Linking C executable cmTC_3af53
Android clang version 3.8.256229  (based on LLVM 3.8.256229)
Target: i686-none-linux-android
Thread model: posix
InstalledDir: /home/hari/Downloads/android-ndk-r12b/toolchains/llvm/prebuilt/linux-x86_64/bin
Found candidate GCC installation: /home/hari/Downloads/android-ndk-r12b/toolchains/x86-4.9/prebuilt/linux-x86_64/lib/gcc/i686-linux-android/4.9.x
Selected GCC installation: /home/hari/Downloads/android-ndk-r12b/toolchains/x86-4.9/prebuilt/linux-x86_64/lib/gcc/i686-linux-android/4.9.x
Candidate multilib: .;@m32
Selected multilib: .;@m32
clang: warning: argument unused during compilation: '-Wa,--noexecstack'
 "/home/hari/Downloads/android-ndk-r12b/toolchains/x86-4.9/prebuilt/linux-x86_64/lib/gcc/i686-linux-android/4.9.x/../../../../i686-linux-android/bin/ld" --sysroot=/home/hari/Downloads/android-ndk-r12b/platforms/android-17/arch-x86 -pie -z relro --build-id --eh-frame-hdr -m elf_i386 -dynamic-linker /system/bin/linker -o cmTC_3af53 /home/hari/Downloads/android-ndk-r12b/platforms/android-17/arch-x86/usr/lib/crtbegin_dynamic.o -L/home/hari/Downloads/android-ndk-r12b/toolchains/x86-4.9/prebuilt/linux-x86_64/lib/gcc/i686-linux-android/4.9.x -L/home/hari/Downloads/android-ndk-r12b/toolchains/x86-4.9/prebuilt/linux-x86_64/lib/gcc/i686-linux-android/4.9.x/../../../../i686-linux-android/lib -L/home/hari/Downloads/android-ndk-r12b/platforms/android-17/arch-x86/usr/lib --build-id --warn-shared-textrel --fatal-warnings --no-undefined -z noexecstack -z relro -z now --gc-sections -z nocopyreloc CMakeFiles/cmTC_3af53.dir/CMakeCCompilerABI.c.o -lgcc -ldl -lc -lgcc -ldl /home/hari/Downloads/android-ndk-r12b/platforms/android-17/arch-x86/usr/lib/crtend_android.o


Parsed C implicit link information from above output:
  link line regex: [^( *|.*[/\])(i686-linux-android-ld|([^/\]+-)?ld|collect2)[^/\]*( |$)]
  ignore line: [Change Dir: /home/hari/Desktop/working/CMake/Teapot/externalNativeBuild/cmake/debug/x86/CMakeFiles/CMakeTmp]
  ignore line: []
  ignore line: [Run Build Command:"/home/hari/Android/Sdk/cmake/3.6/bin/ninja" "cmTC_3af53"]
  ignore line: [[1/2] Building C object CMakeFiles/cmTC_3af53.dir/CMakeCCompilerABI.c.o]
  ignore line: [[2/2] Linking C executable cmTC_3af53]
  ignore line: [Android clang version 3.8.256229  (based on LLVM 3.8.256229)]
  ignore line: [Target: i686-none-linux-android]
  ignore line: [Thread model: posix]
  ignore line: [InstalledDir: /home/hari/Downloads/android-ndk-r12b/toolchains/llvm/prebuilt/linux-x86_64/bin]
  ignore line: [Found candidate GCC installation: /home/hari/Downloads/android-ndk-r12b/toolchains/x86-4.9/prebuilt/linux-x86_64/lib/gcc/i686-linux-android/4.9.x]
  ignore line: [Selected GCC installation: /home/hari/Downloads/android-ndk-r12b/toolchains/x86-4.9/prebuilt/linux-x86_64/lib/gcc/i686-linux-android/4.9.x]
  ignore line: [Candidate multilib: .]
  ignore line: [@m32]
  ignore line: [Selected multilib: .]
  ignore line: [@m32]
  ignore line: [clang: warning: argument unused during compilation: '-Wa,--noexecstack']
  link line: [ "/home/hari/Downloads/android-ndk-r12b/toolchains/x86-4.9/prebuilt/linux-x86_64/lib/gcc/i686-linux-android/4.9.x/../../../../i686-linux-android/bin/ld" --sysroot=/home/hari/Downloads/android-ndk-r12b/platforms/android-17/arch-x86 -pie -z relro --build-id --eh-frame-hdr -m elf_i386 -dynamic-linker /system/bin/linker -o cmTC_3af53 /home/hari/Downloads/android-ndk-r12b/platforms/android-17/arch-x86/usr/lib/crtbegin_dynamic.o -L/home/hari/Downloads/android-ndk-r12b/toolchains/x86-4.9/prebuilt/linux-x86_64/lib/gcc/i686-linux-android/4.9.x -L/home/hari/Downloads/android-ndk-r12b/toolchains/x86-4.9/prebuilt/linux-x86_64/lib/gcc/i686-linux-android/4.9.x/../../../../i686-linux-android/lib -L/home/hari/Downloads/android-ndk-r12b/platforms/android-17/arch-x86/usr/lib --build-id --warn-shared-textrel --fatal-warnings --no-undefined -z noexecstack -z relro -z now --gc-sections -z nocopyreloc CMakeFiles/cmTC_3af53.dir/CMakeCCompilerABI.c.o -lgcc -ldl -lc -lgcc -ldl /home/hari/Downloads/android-ndk-r12b/platforms/android-17/arch-x86/usr/lib/crtend_android.o]
    arg [/home/hari/Downloads/android-ndk-r12b/toolchains/x86-4.9/prebuilt/linux-x86_64/lib/gcc/i686-linux-android/4.9.x/../../../../i686-linux-android/bin/ld] ==> ignore
    arg [--sysroot=/home/hari/Downloads/android-ndk-r12b/platforms/android-17/arch-x86] ==> ignore
    arg [-pie] ==> ignore
    arg [-zrelro] ==> ignore
    arg [--build-id] ==> ignore
    arg [--eh-frame-hdr] ==> ignore
    arg [-m] ==> ignore
    arg [elf_i386] ==> ignore
    arg [-dynamic-linker] ==> ignore
    arg [/system/bin/linker] ==> ignore
    arg [-o] ==> ignore
    arg [cmTC_3af53] ==> ignore
    arg [/home/hari/Downloads/android-ndk-r12b/platforms/android-17/arch-x86/usr/lib/crtbegin_dynamic.o] ==> ignore
    arg [-L/home/hari/Downloads/android-ndk-r12b/toolchains/x86-4.9/prebuilt/linux-x86_64/lib/gcc/i686-linux-android/4.9.x] ==> dir [/home/hari/Downloads/android-ndk-r12b/toolchains/x86-4.9/prebuilt/linux-x86_64/lib/gcc/i686-linux-android/4.9.x]
    arg [-L/home/hari/Downloads/android-ndk-r12b/toolchains/x86-4.9/prebuilt/linux-x86_64/lib/gcc/i686-linux-android/4.9.x/../../../../i686-linux-android/lib] ==> dir [/home/hari/Downloads/android-ndk-r12b/toolchains/x86-4.9/prebuilt/linux-x86_64/lib/gcc/i686-linux-android/4.9.x/../../../../i686-linux-android/lib]
    arg [-L/home/hari/Downloads/android-ndk-r12b/platforms/android-17/arch-x86/usr/lib] ==> dir [/home/hari/Downloads/android-ndk-r12b/platforms/android-17/arch-x86/usr/lib]
    arg [--build-id] ==> ignore
    arg [--warn-shared-textrel] ==> ignore
    arg [--fatal-warnings] ==> ignore
    arg [--no-undefined] ==> ignore
    arg [-znoexecstack] ==> ignore
    arg [-zrelro] ==> ignore
    arg [-znow] ==> ignore
    arg [--gc-sections] ==> ignore
    arg [-znocopyreloc] ==> ignore
    arg [CMakeFiles/cmTC_3af53.dir/CMakeCCompilerABI.c.o] ==> ignore
    arg [-lgcc] ==> lib [gcc]
    arg [-ldl] ==> lib [dl]
    arg [-lc] ==> lib [c]
    arg [-lgcc] ==> lib [gcc]
    arg [-ldl] ==> lib [dl]
    arg [/home/hari/Downloads/android-ndk-r12b/platforms/android-17/arch-x86/usr/lib/crtend_android.o] ==> ignore
  remove lib [gcc]
  remove lib [gcc]
  collapse library dir [/home/hari/Downloads/android-ndk-r12b/toolchains/x86-4.9/prebuilt/linux-x86_64/lib/gcc/i686-linux-android/4.9.x] ==> [/home/hari/Downloads/android-ndk-r12b/toolchains/x86-4.9/prebuilt/linux-x86_64/lib/gcc/i686-linux-android/4.9.x]
  collapse library dir [/home/hari/Downloads/android-ndk-r12b/toolchains/x86-4.9/prebuilt/linux-x86_64/lib/gcc/i686-linux-android/4.9.x/../../../../i686-linux-android/lib] ==> [/home/hari/Downloads/android-ndk-r12b/toolchains/x86-4.9/prebuilt/linux-x86_64/i686-linux-android/lib]
  collapse library dir [/home/hari/Downloads/android-ndk-r12b/platforms/android-17/arch-x86/usr/lib] ==> [/home/hari/Downloads/android-ndk-r12b/platforms/android-17/arch-x86/usr/lib]
  implicit libs: [dl;c;dl]
  implicit dirs: [/home/hari/Downloads/android-ndk-r12b/toolchains/x86-4.9/prebuilt/linux-x86_64/lib/gcc/i686-linux-android/4.9.x;/home/hari/Downloads/android-ndk-r12b/toolchains/x86-4.9/prebuilt/linux-x86_64/i686-linux-android/lib;/home/hari/Downloads/android-ndk-r12b/platforms/android-17/arch-x86/usr/lib]
  implicit fwks: []


Determining if the CXX compiler works passed with the following output:
Change Dir: /home/hari/Desktop/working/CMake/Teapot/externalNativeBuild/cmake/debug/x86/CMakeFiles/CMakeTmp

Run Build Command:"/home/hari/Android/Sdk/cmake/3.6/bin/ninja" "cmTC_33263"
[1/2] Building CXX object CMakeFiles/cmTC_33263.dir/testCXXCompiler.cxx.o
[2/2] Linking CXX executable cmTC_33263
clang++: warning: argument unused during compilation: '-Wa,--noexecstack'


Detecting CXX compiler ABI info compiled with the following output:
Change Dir: /home/hari/Desktop/working/CMake/Teapot/externalNativeBuild/cmake/debug/x86/CMakeFiles/CMakeTmp

Run Build Command:"/home/hari/Android/Sdk/cmake/3.6/bin/ninja" "cmTC_314b5"
[1/2] Building CXX object CMakeFiles/cmTC_314b5.dir/CMakeCXXCompilerABI.cpp.o
[2/2] Linking CXX executable cmTC_314b5
Android clang version 3.8.256229  (based on LLVM 3.8.256229)
Target: i686-none-linux-android
Thread model: posix
InstalledDir: /home/hari/Downloads/android-ndk-r12b/toolchains/llvm/prebuilt/linux-x86_64/bin
Found candidate GCC installation: /home/hari/Downloads/android-ndk-r12b/toolchains/x86-4.9/prebuilt/linux-x86_64/lib/gcc/i686-linux-android/4.9.x
Selected GCC installation: /home/hari/Downloads/android-ndk-r12b/toolchains/x86-4.9/prebuilt/linux-x86_64/lib/gcc/i686-linux-android/4.9.x
Candidate multilib: .;@m32
Selected multilib: .;@m32
clang++: warning: argument unused during compilation: '-Wa,--noexecstack'
 "/home/hari/Downloads/android-ndk-r12b/toolchains/x86-4.9/prebuilt/linux-x86_64/lib/gcc/i686-linux-android/4.9.x/../../../../i686-linux-android/bin/ld" --sysroot=/home/hari/Downloads/android-ndk-r12b/platforms/android-17/arch-x86 -pie -z relro --build-id --eh-frame-hdr -m elf_i386 -dynamic-linker /system/bin/linker -o cmTC_314b5 /home/hari/Downloads/android-ndk-r12b/platforms/android-17/arch-x86/usr/lib/crtbegin_dynamic.o -L/home/hari/Downloads/android-ndk-r12b/toolchains/x86-4.9/prebuilt/linux-x86_64/lib/gcc/i686-linux-android/4.9.x -L/home/hari/Downloads/android-ndk-r12b/toolchains/x86-4.9/prebuilt/linux-x86_64/lib/gcc/i686-linux-android/4.9.x/../../../../i686-linux-android/lib -L/home/hari/Downloads/android-ndk-r12b/platforms/android-17/arch-x86/usr/lib --build-id --warn-shared-textrel --fatal-warnings --no-undefined -z noexecstack -z relro -z now --gc-sections -z nocopyreloc CMakeFiles/cmTC_314b5.dir/CMakeCXXCompilerABI.cpp.o /home/hari/Downloads/android-ndk-r12b/sources/cxx-stl/gnu-libstdc++/4.9/libs/x86/libgnustl_static.a -lstdc++ -lm -lgcc -lgcc -ldl -lc -lgcc -lgcc -ldl /home/hari/Downloads/android-ndk-r12b/platforms/android-17/arch-x86/usr/lib/crtend_android.o


Parsed CXX implicit link information from above output:
  link line regex: [^( *|.*[/\])(i686-linux-android-ld|([^/\]+-)?ld|collect2)[^/\]*( |$)]
  ignore line: [Change Dir: /home/hari/Desktop/working/CMake/Teapot/externalNativeBuild/cmake/debug/x86/CMakeFiles/CMakeTmp]
  ignore line: []
  ignore line: [Run Build Command:"/home/hari/Android/Sdk/cmake/3.6/bin/ninja" "cmTC_314b5"]
  ignore line: [[1/2] Building CXX object CMakeFiles/cmTC_314b5.dir/CMakeCXXCompilerABI.cpp.o]
  ignore line: [[2/2] Linking CXX executable cmTC_314b5]
  ignore line: [Android clang version 3.8.256229  (based on LLVM 3.8.256229)]
  ignore line: [Target: i686-none-linux-android]
  ignore line: [Thread model: posix]
  ignore line: [InstalledDir: /home/hari/Downloads/android-ndk-r12b/toolchains/llvm/prebuilt/linux-x86_64/bin]
  ignore line: [Found candidate GCC installation: /home/hari/Downloads/android-ndk-r12b/toolchains/x86-4.9/prebuilt/linux-x86_64/lib/gcc/i686-linux-android/4.9.x]
  ignore line: [Selected GCC installation: /home/hari/Downloads/android-ndk-r12b/toolchains/x86-4.9/prebuilt/linux-x86_64/lib/gcc/i686-linux-android/4.9.x]
  ignore line: [Candidate multilib: .]
  ignore line: [@m32]
  ignore line: [Selected multilib: .]
  ignore line: [@m32]
  ignore line: [clang++: warning: argument unused during compilation: '-Wa,--noexecstack']
  link line: [ "/home/hari/Downloads/android-ndk-r12b/toolchains/x86-4.9/prebuilt/linux-x86_64/lib/gcc/i686-linux-android/4.9.x/../../../../i686-linux-android/bin/ld" --sysroot=/home/hari/Downloads/android-ndk-r12b/platforms/android-17/arch-x86 -pie -z relro --build-id --eh-frame-hdr -m elf_i386 -dynamic-linker /system/bin/linker -o cmTC_314b5 /home/hari/Downloads/android-ndk-r12b/platforms/android-17/arch-x86/usr/lib/crtbegin_dynamic.o -L/home/hari/Downloads/android-ndk-r12b/toolchains/x86-4.9/prebuilt/linux-x86_64/lib/gcc/i686-linux-android/4.9.x -L/home/hari/Downloads/android-ndk-r12b/toolchains/x86-4.9/prebuilt/linux-x86_64/lib/gcc/i686-linux-android/4.9.x/../../../../i686-linux-android/lib -L/home/hari/Downloads/android-ndk-r12b/platforms/android-17/arch-x86/usr/lib --build-id --warn-shared-textrel --fatal-warnings --no-undefined -z noexecstack -z relro -z now --gc-sections -z nocopyreloc CMakeFiles/cmTC_314b5.dir/CMakeCXXCompilerABI.cpp.o /home/hari/Downloads/android-ndk-r12b/sources/cxx-stl/gnu-libstdc++/4.9/libs/x86/libgnustl_static.a -lstdc++ -lm -lgcc -lgcc -ldl -lc -lgcc -lgcc -ldl /home/hari/Downloads/android-ndk-r12b/platforms/android-17/arch-x86/usr/lib/crtend_android.o]
    arg [/home/hari/Downloads/android-ndk-r12b/toolchains/x86-4.9/prebuilt/linux-x86_64/lib/gcc/i686-linux-android/4.9.x/../../../../i686-linux-android/bin/ld] ==> ignore
    arg [--sysroot=/home/hari/Downloads/android-ndk-r12b/platforms/android-17/arch-x86] ==> ignore
    arg [-pie] ==> ignore
    arg [-zrelro] ==> ignore
    arg [--build-id] ==> ignore
    arg [--eh-frame-hdr] ==> ignore
    arg [-m] ==> ignore
    arg [elf_i386] ==> ignore
    arg [-dynamic-linker] ==> ignore
    arg [/system/bin/linker] ==> ignore
    arg [-o] ==> ignore
    arg [cmTC_314b5] ==> ignore
    arg [/home/hari/Downloads/android-ndk-r12b/platforms/android-17/arch-x86/usr/lib/crtbegin_dynamic.o] ==> ignore
    arg [-L/home/hari/Downloads/android-ndk-r12b/toolchains/x86-4.9/prebuilt/linux-x86_64/lib/gcc/i686-linux-android/4.9.x] ==> dir [/home/hari/Downloads/android-ndk-r12b/toolchains/x86-4.9/prebuilt/linux-x86_64/lib/gcc/i686-linux-android/4.9.x]
    arg [-L/home/hari/Downloads/android-ndk-r12b/toolchains/x86-4.9/prebuilt/linux-x86_64/lib/gcc/i686-linux-android/4.9.x/../../../../i686-linux-android/lib] ==> dir [/home/hari/Downloads/android-ndk-r12b/toolchains/x86-4.9/prebuilt/linux-x86_64/lib/gcc/i686-linux-android/4.9.x/../../../../i686-linux-android/lib]
    arg [-L/home/hari/Downloads/android-ndk-r12b/platforms/android-17/arch-x86/usr/lib] ==> dir [/home/hari/Downloads/android-ndk-r12b/platforms/android-17/arch-x86/usr/lib]
    arg [--build-id] ==> ignore
    arg [--warn-shared-textrel] ==> ignore
    arg [--fatal-warnings] ==> ignore
    arg [--no-undefined] ==> ignore
    arg [-znoexecstack] ==> ignore
    arg [-zrelro] ==> ignore
    arg [-znow] ==> ignore
    arg [--gc-sections] ==> ignore
    arg [-znocopyreloc] ==> ignore
    arg [CMakeFiles/cmTC_314b5.dir/CMakeCXXCompilerABI.cpp.o] ==> ignore
    arg [/home/hari/Downloads/android-ndk-r12b/sources/cxx-stl/gnu-libstdc++/4.9/libs/x86/libgnustl_static.a] ==> lib [/home/hari/Downloads/android-ndk-r12b/sources/cxx-stl/gnu-libstdc++/4.9/libs/x86/libgnustl_static.a]
    arg [-lstdc++] ==> lib [stdc++]
    arg [-lm] ==> lib [m]
    arg [-lgcc] ==> lib [gcc]
    arg [-lgcc] ==> lib [gcc]
    arg [-ldl] ==> lib [dl]
    arg [-lc] ==> lib [c]
    arg [-lgcc] ==> lib [gcc]
    arg [-lgcc] ==> lib [gcc]
    arg [-ldl] ==> lib [dl]
    arg [/home/hari/Downloads/android-ndk-r12b/platforms/android-17/arch-x86/usr/lib/crtend_android.o] ==> ignore
  remove lib [gcc]
  remove lib [gcc]
  remove lib [gcc]
  remove lib [gcc]
  collapse library dir [/home/hari/Downloads/android-ndk-r12b/toolchains/x86-4.9/prebuilt/linux-x86_64/lib/gcc/i686-linux-android/4.9.x] ==> [/home/hari/Downloads/android-ndk-r12b/toolchains/x86-4.9/prebuilt/linux-x86_64/lib/gcc/i686-linux-android/4.9.x]
  collapse library dir [/home/hari/Downloads/android-ndk-r12b/toolchains/x86-4.9/prebuilt/linux-x86_64/lib/gcc/i686-linux-android/4.9.x/../../../../i686-linux-android/lib] ==> [/home/hari/Downloads/android-ndk-r12b/toolchains/x86-4.9/prebuilt/linux-x86_64/i686-linux-android/lib]
  collapse library dir [/home/hari/Downloads/android-ndk-r12b/platforms/android-17/arch-x86/usr/lib] ==> [/home/hari/Downloads/android-ndk-r12b/platforms/android-17/arch-x86/usr/lib]
  implicit libs: [/home/hari/Downloads/android-ndk-r12b/sources/cxx-stl/gnu-libstdc++/4.9/libs/x86/libgnustl_static.a;stdc++;m;dl;c;dl]
  implicit dirs: [/home/hari/Downloads/android-ndk-r12b/toolchains/x86-4.9/prebuilt/linux-x86_64/lib/gcc/i686-linux-android/4.9.x;/home/hari/Downloads/android-ndk-r12b/toolchains/x86-4.9/prebuilt/linux-x86_64/i686-linux-android/lib;/home/hari/Downloads/android-ndk-r12b/platforms/android-17/arch-x86/usr/lib]
  implicit fwks: []


